episode: 1, step: 9, loss: 125162888.0
episode: 2, step: 42, loss: 992957120.0
episode: 3, step: 64, loss: 1061941248.0
episode: 5, step: 8, loss: 146744592.0
episode: 5, step: 108, loss: 1158965248.0
episode: 1, step: 10, loss: 61095276.0
episode: 2, step: 32, loss: 705011712.0
episode: 3, step: 55, loss: 673427712.0
episode: 4, step: 79, loss: 215206144.0
episode: 6, step: 12, loss: 57208428.0
episode: 7, step: 9, loss: 612475968.0
episode: 8, step: 47, loss: 524494528.0
episode: 9, step: 70, loss: 103630072.0
episode: 11, step: 14, loss: 141795472.0
episode: 12, step: 35, loss: 175477120.0
episode: 13, step: 54, loss: 109056472.0
episode: 14, step: 78, loss: 1108705536.0
episode: 16, step: 19, loss: 125263616.0
episode: 17, step: 37, loss: 654128384.0
episode: 18, step: 43, loss: 332058528.0
episode: 0, step: 99, loss: 96525472.0
episode: 2, step: 19, loss: 98684192.0
episode: 3, step: 35, loss: 198254064.0
episode: 4, step: 52, loss: 259623200.0
episode: 6, step: 5, loss: 324471712.0
episode: 7, step: 46, loss: 225183200.0
episode: 8, step: 74, loss: 220468544.0
episode: 10, step: 19, loss: 34053020.0
episode: 11, step: 46, loss: 680095680.0
episode: 13, step: 12, loss: 456445952.0
episode: 14, step: 52, loss: 326453120.0
